[0m20:21:31.430397 [debug] [MainThread]: Sending event: {'category': 'dbt', 'action': 'invocation', 'label': 'start', 'context': [<snowplow_tracker.self_describing_json.SelfDescribingJson object at 0x7e1d6141e850>, <snowplow_tracker.self_describing_json.SelfDescribingJson object at 0x7e1d6141e9d0>, <snowplow_tracker.self_describing_json.SelfDescribingJson object at 0x7e1d6141e290>]}


============================== 20:21:31.572525 | ca849a27-e9e5-4483-92b7-20be0eeba1d4 ==============================
[0m20:21:31.572525 [info ] [MainThread]: Running with dbt=1.8.9
[0m20:21:31.573043 [debug] [MainThread]: running dbt with arguments {'printer_width': '80', 'indirect_selection': 'eager', 'write_json': 'True', 'log_cache_events': 'False', 'partial_parse': 'True', 'cache_selected_only': 'False', 'profiles_dir': '/usr/app/dbt', 'version_check': 'True', 'debug': 'False', 'log_path': 'logs', 'fail_fast': 'False', 'warn_error': 'None', 'use_colors': 'True', 'use_experimental_parser': 'False', 'empty': 'None', 'quiet': 'False', 'no_print': 'None', 'warn_error_options': 'WarnErrorOptions(include=[], exclude=[])', 'invocation_command': 'dbt init .', 'introspect': 'True', 'log_format': 'default', 'target_path': 'None', 'static_parser': 'True', 'send_anonymous_usage_stats': 'True'}
[0m20:21:55.737048 [debug] [MainThread]: Starter project path: /usr/local/lib/python3.11/site-packages/dbt/include/starter_project
[0m20:21:55.892955 [info ] [MainThread]: 
Your new dbt project "datawarehouse_youtube" was created!

For more information on how to configure the profiles.yml file,
please consult the dbt documentation here:

  https://docs.getdbt.com/docs/configure-your-profile

One more thing:

Need help? Don't hesitate to reach out to us via GitHub issues or on Slack:

  https://community.getdbt.com/

Happy modeling!

[0m20:21:55.895080 [info ] [MainThread]: Setting up your profile.
[0m20:22:51.218131 [info ] [MainThread]: Profile datawarehouse_youtube written to /usr/app/dbt/profiles.yml using target's profile_template.yml and your supplied values. Run 'dbt debug' to validate the connection.
[0m20:22:51.285503 [debug] [MainThread]: Resource report: {"command_name": "init", "command_success": true, "command_wall_clock_time": 79.92614, "process_in_blocks": "17984", "process_kernel_time": 0.291698, "process_mem_max_rss": "104896", "process_out_blocks": "144", "process_user_time": 1.914583}
[0m20:22:51.287425 [debug] [MainThread]: Command `dbt init` succeeded at 20:22:51.286928 after 79.93 seconds
[0m20:22:51.288967 [debug] [MainThread]: Sending event: {'category': 'dbt', 'action': 'invocation', 'label': 'end', 'context': [<snowplow_tracker.self_describing_json.SelfDescribingJson object at 0x7e1d6142b110>, <snowplow_tracker.self_describing_json.SelfDescribingJson object at 0x7e1d61428250>, <snowplow_tracker.self_describing_json.SelfDescribingJson object at 0x7e1d6177cc90>]}
[0m20:22:51.290478 [debug] [MainThread]: Flushing usage events
[0m20:23:31.285569 [debug] [MainThread]: Sending event: {'category': 'dbt', 'action': 'invocation', 'label': 'start', 'context': [<snowplow_tracker.self_describing_json.SelfDescribingJson object at 0x7ffaed0089d0>, <snowplow_tracker.self_describing_json.SelfDescribingJson object at 0x7ffaed016590>, <snowplow_tracker.self_describing_json.SelfDescribingJson object at 0x7ffaed008950>]}


============================== 20:23:31.287987 | 8e23d3e1-0130-47ab-9492-318cf935450b ==============================
[0m20:23:31.287987 [info ] [MainThread]: Running with dbt=1.8.9
[0m20:23:31.288475 [debug] [MainThread]: running dbt with arguments {'printer_width': '80', 'indirect_selection': 'eager', 'write_json': 'True', 'log_cache_events': 'False', 'partial_parse': 'True', 'cache_selected_only': 'False', 'warn_error': 'None', 'version_check': 'True', 'fail_fast': 'False', 'log_path': 'logs', 'profiles_dir': '/usr/app/dbt', 'debug': 'False', 'use_colors': 'True', 'use_experimental_parser': 'False', 'empty': 'None', 'quiet': 'False', 'no_print': 'None', 'log_format': 'default', 'invocation_command': 'dbt debug', 'warn_error_options': 'WarnErrorOptions(include=[], exclude=[])', 'static_parser': 'True', 'target_path': 'None', 'introspect': 'True', 'send_anonymous_usage_stats': 'True'}
[0m20:23:31.294822 [info ] [MainThread]: dbt version: 1.8.9
[0m20:23:31.295156 [info ] [MainThread]: python version: 3.11.2
[0m20:23:31.295467 [info ] [MainThread]: python path: /usr/local/bin/python
[0m20:23:31.295760 [info ] [MainThread]: os info: Linux-6.8.0-52-generic-x86_64-with-glibc2.31
[0m20:23:31.432484 [info ] [MainThread]: Using profiles dir at /usr/app/dbt
[0m20:23:31.432859 [info ] [MainThread]: Using profiles.yml file at /usr/app/dbt/profiles.yml
[0m20:23:31.433153 [info ] [MainThread]: Using dbt_project.yml file at /usr/app/dbt/datawarehouse_youtube/dbt_project.yml
[0m20:23:31.433443 [info ] [MainThread]: Configuration:
[0m20:23:31.433740 [info ] [MainThread]:   profiles.yml file [[31mERROR invalid[0m]
[0m20:23:31.434024 [info ] [MainThread]:   dbt_project.yml file [[31mERROR not found[0m]
[0m20:23:31.434291 [info ] [MainThread]: Required dependencies:
[0m20:23:31.434587 [debug] [MainThread]: Executing "git --help"
[0m20:23:31.436344 [debug] [MainThread]: STDOUT: "b"usage: git [--version] [--help] [-C <path>] [-c <name>=<value>]\n           [--exec-path[=<path>]] [--html-path] [--man-path] [--info-path]\n           [-p | --paginate | -P | --no-pager] [--no-replace-objects] [--bare]\n           [--git-dir=<path>] [--work-tree=<path>] [--namespace=<name>]\n           <command> [<args>]\n\nThese are common Git commands used in various situations:\n\nstart a working area (see also: git help tutorial)\n   clone             Clone a repository into a new directory\n   init              Create an empty Git repository or reinitialize an existing one\n\nwork on the current change (see also: git help everyday)\n   add               Add file contents to the index\n   mv                Move or rename a file, a directory, or a symlink\n   restore           Restore working tree files\n   rm                Remove files from the working tree and from the index\n   sparse-checkout   Initialize and modify the sparse-checkout\n\nexamine the history and state (see also: git help revisions)\n   bisect            Use binary search to find the commit that introduced a bug\n   diff              Show changes between commits, commit and working tree, etc\n   grep              Print lines matching a pattern\n   log               Show commit logs\n   show              Show various types of objects\n   status            Show the working tree status\n\ngrow, mark and tweak your common history\n   branch            List, create, or delete branches\n   commit            Record changes to the repository\n   merge             Join two or more development histories together\n   rebase            Reapply commits on top of another base tip\n   reset             Reset current HEAD to the specified state\n   switch            Switch branches\n   tag               Create, list, delete or verify a tag object signed with GPG\n\ncollaborate (see also: git help workflows)\n   fetch             Download objects and refs from another repository\n   pull              Fetch from and integrate with another repository or a local branch\n   push              Update remote refs along with associated objects\n\n'git help -a' and 'git help -g' list available subcommands and some\nconcept guides. See 'git help <command>' or 'git help <concept>'\nto read about a specific subcommand or concept.\nSee 'git help git' for an overview of the system.\n""
[0m20:23:31.436682 [debug] [MainThread]: STDERR: "b''"
[0m20:23:31.436943 [info ] [MainThread]:  - git [[32mOK found[0m]

[0m20:23:31.437208 [info ] [MainThread]: Connection test skipped since no profile was found
[0m20:23:31.437567 [info ] [MainThread]: [31m2 checks failed:[0m
[0m20:23:31.437830 [info ] [MainThread]: Could not load dbt_project.yml
Profile loading failed for the following reason:
Runtime Error
  Credentials in profile "datawarehouse_youtube", target "dev" invalid: 'schema' is a required property


[0m20:23:31.438107 [info ] [MainThread]: Project loading failed for the following reason:
 project path </usr/app/dbt/datawarehouse_youtube/dbt_project.yml> not found

[0m20:23:31.438865 [debug] [MainThread]: Resource report: {"command_name": "debug", "command_success": false, "command_wall_clock_time": 0.19274572, "process_in_blocks": "0", "process_kernel_time": 0.113878, "process_mem_max_rss": "105732", "process_out_blocks": "24", "process_user_time": 1.141777}
[0m20:23:31.439355 [debug] [MainThread]: Command `dbt debug` failed at 20:23:31.439251 after 0.19 seconds
[0m20:23:31.439676 [debug] [MainThread]: Sending event: {'category': 'dbt', 'action': 'invocation', 'label': 'end', 'context': [<snowplow_tracker.self_describing_json.SelfDescribingJson object at 0x7ffaed01eb10>, <snowplow_tracker.self_describing_json.SelfDescribingJson object at 0x7ffaf09a4f50>, <snowplow_tracker.self_describing_json.SelfDescribingJson object at 0x7ffaf09a52d0>]}
[0m20:23:31.439996 [debug] [MainThread]: Flushing usage events
[0m20:27:26.603637 [debug] [MainThread]: Sending event: {'category': 'dbt', 'action': 'invocation', 'label': 'start', 'context': [<snowplow_tracker.self_describing_json.SelfDescribingJson object at 0x7a878a5e7a50>, <snowplow_tracker.self_describing_json.SelfDescribingJson object at 0x7a878a980990>, <snowplow_tracker.self_describing_json.SelfDescribingJson object at 0x7a878a618b10>]}


============================== 20:27:26.606087 | d1f68b65-c4a4-42f5-a9a3-07df4997ff9b ==============================
[0m20:27:26.606087 [info ] [MainThread]: Running with dbt=1.8.9
[0m20:27:26.606630 [debug] [MainThread]: running dbt with arguments {'printer_width': '80', 'indirect_selection': 'eager', 'log_cache_events': 'False', 'write_json': 'True', 'partial_parse': 'True', 'cache_selected_only': 'False', 'warn_error': 'None', 'debug': 'False', 'fail_fast': 'False', 'log_path': 'logs', 'profiles_dir': '/usr/app/dbt', 'version_check': 'True', 'use_colors': 'True', 'use_experimental_parser': 'False', 'no_print': 'None', 'quiet': 'False', 'empty': 'None', 'warn_error_options': 'WarnErrorOptions(include=[], exclude=[])', 'introspect': 'True', 'invocation_command': 'dbt debug', 'static_parser': 'True', 'target_path': 'None', 'log_format': 'default', 'send_anonymous_usage_stats': 'True'}
[0m20:27:26.613204 [info ] [MainThread]: dbt version: 1.8.9
[0m20:27:26.613597 [info ] [MainThread]: python version: 3.11.2
[0m20:27:26.613880 [info ] [MainThread]: python path: /usr/local/bin/python
[0m20:27:26.614188 [info ] [MainThread]: os info: Linux-6.8.0-52-generic-x86_64-with-glibc2.31
[0m20:27:26.750485 [info ] [MainThread]: Using profiles dir at /usr/app/dbt
[0m20:27:26.750874 [info ] [MainThread]: Using profiles.yml file at /usr/app/dbt/profiles.yml
[0m20:27:26.751166 [info ] [MainThread]: Using dbt_project.yml file at /usr/app/dbt/datawarehouse_youtube/dbt_project.yml
[0m20:27:26.751458 [info ] [MainThread]: Configuration:
[0m20:27:26.751752 [info ] [MainThread]:   profiles.yml file [[31mERROR invalid[0m]
[0m20:27:26.752039 [info ] [MainThread]:   dbt_project.yml file [[31mERROR not found[0m]
[0m20:27:26.752306 [info ] [MainThread]: Required dependencies:
[0m20:27:26.752669 [debug] [MainThread]: Executing "git --help"
[0m20:27:26.754326 [debug] [MainThread]: STDOUT: "b"usage: git [--version] [--help] [-C <path>] [-c <name>=<value>]\n           [--exec-path[=<path>]] [--html-path] [--man-path] [--info-path]\n           [-p | --paginate | -P | --no-pager] [--no-replace-objects] [--bare]\n           [--git-dir=<path>] [--work-tree=<path>] [--namespace=<name>]\n           <command> [<args>]\n\nThese are common Git commands used in various situations:\n\nstart a working area (see also: git help tutorial)\n   clone             Clone a repository into a new directory\n   init              Create an empty Git repository or reinitialize an existing one\n\nwork on the current change (see also: git help everyday)\n   add               Add file contents to the index\n   mv                Move or rename a file, a directory, or a symlink\n   restore           Restore working tree files\n   rm                Remove files from the working tree and from the index\n   sparse-checkout   Initialize and modify the sparse-checkout\n\nexamine the history and state (see also: git help revisions)\n   bisect            Use binary search to find the commit that introduced a bug\n   diff              Show changes between commits, commit and working tree, etc\n   grep              Print lines matching a pattern\n   log               Show commit logs\n   show              Show various types of objects\n   status            Show the working tree status\n\ngrow, mark and tweak your common history\n   branch            List, create, or delete branches\n   commit            Record changes to the repository\n   merge             Join two or more development histories together\n   rebase            Reapply commits on top of another base tip\n   reset             Reset current HEAD to the specified state\n   switch            Switch branches\n   tag               Create, list, delete or verify a tag object signed with GPG\n\ncollaborate (see also: git help workflows)\n   fetch             Download objects and refs from another repository\n   pull              Fetch from and integrate with another repository or a local branch\n   push              Update remote refs along with associated objects\n\n'git help -a' and 'git help -g' list available subcommands and some\nconcept guides. See 'git help <command>' or 'git help <concept>'\nto read about a specific subcommand or concept.\nSee 'git help git' for an overview of the system.\n""
[0m20:27:26.754674 [debug] [MainThread]: STDERR: "b''"
[0m20:27:26.754948 [info ] [MainThread]:  - git [[32mOK found[0m]

[0m20:27:26.755208 [info ] [MainThread]: Connection test skipped since no profile was found
[0m20:27:26.755653 [info ] [MainThread]: [31m2 checks failed:[0m
[0m20:27:26.755914 [info ] [MainThread]: Could not load dbt_project.yml
Profile loading failed for the following reason:
Runtime Error
  Credentials in profile "datawarehouse_youtube", target "dev" invalid: 'schema' is a required property


[0m20:27:26.756191 [info ] [MainThread]: Project loading failed for the following reason:
 project path </usr/app/dbt/datawarehouse_youtube/dbt_project.yml> not found

[0m20:27:26.756885 [debug] [MainThread]: Resource report: {"command_name": "debug", "command_success": false, "command_wall_clock_time": 0.19185187, "process_in_blocks": "0", "process_kernel_time": 0.12781, "process_mem_max_rss": "105964", "process_out_blocks": "16", "process_user_time": 1.11235}
[0m20:27:26.757249 [debug] [MainThread]: Command `dbt debug` failed at 20:27:26.757145 after 0.19 seconds
[0m20:27:26.757595 [debug] [MainThread]: Sending event: {'category': 'dbt', 'action': 'invocation', 'label': 'end', 'context': [<snowplow_tracker.self_describing_json.SelfDescribingJson object at 0x7a878b3db390>, <snowplow_tracker.self_describing_json.SelfDescribingJson object at 0x7a878dfdd0d0>, <snowplow_tracker.self_describing_json.SelfDescribingJson object at 0x7a8789130810>]}
[0m20:27:26.757912 [debug] [MainThread]: Flushing usage events
