[0m20:27:12.839384 [debug] [MainThread]: Sending event: {'category': 'dbt', 'action': 'invocation', 'label': 'start', 'context': [<snowplow_tracker.self_describing_json.SelfDescribingJson object at 0x771249782e90>, <snowplow_tracker.self_describing_json.SelfDescribingJson object at 0x7712497cb910>, <snowplow_tracker.self_describing_json.SelfDescribingJson object at 0x7712497ca650>]}


============================== 20:27:12.842238 | 8ae76dbf-2517-4824-92ac-29a0eac16525 ==============================
[0m20:27:12.842238 [info ] [MainThread]: Running with dbt=1.8.9
[0m20:27:12.842808 [debug] [MainThread]: running dbt with arguments {'printer_width': '80', 'indirect_selection': 'eager', 'log_cache_events': 'False', 'write_json': 'True', 'partial_parse': 'True', 'cache_selected_only': 'False', 'warn_error': 'None', 'fail_fast': 'False', 'version_check': 'True', 'log_path': 'logs', 'profiles_dir': '/usr/app/dbt', 'debug': 'False', 'use_colors': 'True', 'use_experimental_parser': 'False', 'empty': 'None', 'quiet': 'False', 'no_print': 'None', 'warn_error_options': 'WarnErrorOptions(include=[], exclude=[])', 'introspect': 'True', 'static_parser': 'True', 'invocation_command': 'dbt debug', 'target_path': 'None', 'log_format': 'default', 'send_anonymous_usage_stats': 'True'}
[0m20:27:12.850977 [info ] [MainThread]: dbt version: 1.8.9
[0m20:27:12.851421 [info ] [MainThread]: python version: 3.11.2
[0m20:27:12.851832 [info ] [MainThread]: python path: /usr/local/bin/python
[0m20:27:12.852205 [info ] [MainThread]: os info: Linux-6.8.0-52-generic-x86_64-with-glibc2.31
[0m20:27:12.997130 [info ] [MainThread]: Using profiles dir at /usr/app/dbt
[0m20:27:12.997480 [info ] [MainThread]: Using profiles.yml file at /usr/app/dbt/profiles.yml
[0m20:27:12.997761 [info ] [MainThread]: Using dbt_project.yml file at /usr/app/dbt/dbt_project.yml
[0m20:27:12.998032 [info ] [MainThread]: Configuration:
[0m20:27:12.998268 [info ] [MainThread]:   profiles.yml file [[31mERROR invalid[0m]
[0m20:27:12.998523 [info ] [MainThread]:   dbt_project.yml file [[31mERROR not found[0m]
[0m20:27:12.998775 [info ] [MainThread]: Required dependencies:
[0m20:27:12.999027 [debug] [MainThread]: Executing "git --help"
[0m20:27:13.000675 [debug] [MainThread]: STDOUT: "b"usage: git [--version] [--help] [-C <path>] [-c <name>=<value>]\n           [--exec-path[=<path>]] [--html-path] [--man-path] [--info-path]\n           [-p | --paginate | -P | --no-pager] [--no-replace-objects] [--bare]\n           [--git-dir=<path>] [--work-tree=<path>] [--namespace=<name>]\n           <command> [<args>]\n\nThese are common Git commands used in various situations:\n\nstart a working area (see also: git help tutorial)\n   clone             Clone a repository into a new directory\n   init              Create an empty Git repository or reinitialize an existing one\n\nwork on the current change (see also: git help everyday)\n   add               Add file contents to the index\n   mv                Move or rename a file, a directory, or a symlink\n   restore           Restore working tree files\n   rm                Remove files from the working tree and from the index\n   sparse-checkout   Initialize and modify the sparse-checkout\n\nexamine the history and state (see also: git help revisions)\n   bisect            Use binary search to find the commit that introduced a bug\n   diff              Show changes between commits, commit and working tree, etc\n   grep              Print lines matching a pattern\n   log               Show commit logs\n   show              Show various types of objects\n   status            Show the working tree status\n\ngrow, mark and tweak your common history\n   branch            List, create, or delete branches\n   commit            Record changes to the repository\n   merge             Join two or more development histories together\n   rebase            Reapply commits on top of another base tip\n   reset             Reset current HEAD to the specified state\n   switch            Switch branches\n   tag               Create, list, delete or verify a tag object signed with GPG\n\ncollaborate (see also: git help workflows)\n   fetch             Download objects and refs from another repository\n   pull              Fetch from and integrate with another repository or a local branch\n   push              Update remote refs along with associated objects\n\n'git help -a' and 'git help -g' list available subcommands and some\nconcept guides. See 'git help <command>' or 'git help <concept>'\nto read about a specific subcommand or concept.\nSee 'git help git' for an overview of the system.\n""
[0m20:27:13.000995 [debug] [MainThread]: STDERR: "b''"
[0m20:27:13.001207 [info ] [MainThread]:  - git [[32mOK found[0m]

[0m20:27:13.001450 [info ] [MainThread]: Connection test skipped since no profile was found
[0m20:27:13.001798 [info ] [MainThread]: [31m2 checks failed:[0m
[0m20:27:13.002049 [info ] [MainThread]: Could not load dbt_project.yml
Profile loading failed for the following reason:
Runtime Error
  Credentials in profile "datawarehouse_youtube", target "dev" invalid: 'schema' is a required property


[0m20:27:13.002295 [info ] [MainThread]: Project loading failed for the following reason:
 project path </usr/app/dbt/dbt_project.yml> not found

[0m20:27:13.002937 [debug] [MainThread]: Resource report: {"command_name": "debug", "command_success": false, "command_wall_clock_time": 0.20229088, "process_in_blocks": "0", "process_kernel_time": 0.133482, "process_mem_max_rss": "105668", "process_out_blocks": "16", "process_user_time": 1.123643}
[0m20:27:13.003261 [debug] [MainThread]: Command `dbt debug` failed at 20:27:13.003174 after 0.20 seconds
[0m20:27:13.003550 [debug] [MainThread]: Sending event: {'category': 'dbt', 'action': 'invocation', 'label': 'end', 'context': [<snowplow_tracker.self_describing_json.SelfDescribingJson object at 0x7712497d2a10>, <snowplow_tracker.self_describing_json.SelfDescribingJson object at 0x7712497a1090>, <snowplow_tracker.self_describing_json.SelfDescribingJson object at 0x77124d150f10>]}
[0m20:27:13.003831 [debug] [MainThread]: Flushing usage events
